Arguments: 
  /root/.nvm/versions/node/v18.17.1/bin/node /usr/bin/yarnpkg -h

PATH: 
  /root/.nvm/versions/node/v18.17.1/bin:/root/miniconda3/bin:/usr/local/sbin:/usr/local/bin:/usr/sbin:/usr/bin:/sbin:/bin:/usr/local/games:/usr/games

Yarn version: 
  1.22.19

Node version: 
  18.17.1

Platform: 
  linux x64

Trace: 
  TypeError: commander.on is not a function
      at Object.run (/usr/share/nodejs/yarn/lib/cli/commands/help.js:75:13)
      at run (/usr/share/nodejs/yarn/lib/cli/index.js:494:30)
      at /usr/share/nodejs/yarn/lib/cli/index.js:732:24

npm manifest: 
  {
    "dependencies": {
      "@types/dat-gui": "^0.6.3"
    }
  }

yarn manifest: 
  No manifest

Lockfile: 
  # THIS IS AN AUTOGENERATED FILE. DO NOT EDIT THIS FILE DIRECTLY.
  # yarn lockfile v1
  
  
  "@types/dat-gui@^0.6.3":
    version "0.6.3"
    resolved "https://registry.yarnpkg.com/@types/dat-gui/-/dat-gui-0.6.3.tgz#2285a22ee28fbed05f3932dda9144d18c9903b5d"
    integrity sha512-N0JUd1/jrKQ00w0lz6uyx/4XhJ+qQb9Ir05DEzP4YS5N+vQUyKtcyVBG/u+NF7EkAkHHYDyzpvYf0AMS89R2OQ==
