1693078236046981 B microfactory /root/WORKSPACE/out/microfactory_Linux
1693078236047031 B findDeps
1693078236047444 E findDeps
1693078236047570 B check compile github.com/google/blueprint/microfactory
1693078236048380 E check compile github.com/google/blueprint/microfactory
1693078236048389 B check compile main
1693078236048594 E check compile main
1693078236048597 B check link main
1693078236048701 E check link main
1693078236048720 B findDeps
1693078236086010 E findDeps
1693078236086120 B check compile google.golang.org/protobuf/internal/pragma
1693078236086136 B check compile github.com/google/blueprint/parser
1693078236086206 B check compile android/soong/ui/build/paths
1693078236086229 B check compile google.golang.org/protobuf/internal/version
1693078236086275 B check compile google.golang.org/protobuf/internal/detrand
1693078236086360 B check compile android/soong/finder/fs
1693078236086550 E check compile google.golang.org/protobuf/internal/detrand
1693078236086560 B check compile google.golang.org/protobuf/internal/errors
1693078236086621 B check compile android/soong/ui/logger
1693078236086719 B check compile google.golang.org/protobuf/internal/flags
1693078236086904 E check compile google.golang.org/protobuf/internal/version
1693078236086929 E check compile android/soong/ui/build/paths
1693078236086942 E check compile google.golang.org/protobuf/internal/errors
1693078236086958 B check compile github.com/google/blueprint/deptools
1693078236086960 B check compile google.golang.org/protobuf/encoding/protowire
1693078236086975 B check compile github.com/google/blueprint/pathtools
1693078236087094 E check compile android/soong/ui/logger
1693078236087132 E check compile android/soong/finder/fs
1693078236087147 B check compile android/soong/finder
1693078236087187 E check compile google.golang.org/protobuf/internal/flags
1693078236086721 E check compile google.golang.org/protobuf/internal/pragma
1693078236087283 E check compile github.com/google/blueprint/deptools
1693078236087292 B check compile github.com/google/blueprint/microfactory
1693078236087657 B check compile android/soong/ui/signal
1693078236087681 E check compile android/soong/finder
1693078236087686 E check compile github.com/google/blueprint/pathtools
1693078236087703 B check compile google.golang.org/protobuf/internal/set
1693078236087775 B check compile github.com/google/blueprint/metrics
1693078236086949 E check compile github.com/google/blueprint/parser
1693078236087810 B check compile github.com/google/blueprint/proptools
1693078236088181 E check compile android/soong/ui/signal
1693078236088275 E check compile google.golang.org/protobuf/internal/set
1693078236088316 E check compile github.com/google/blueprint/microfactory
1693078236088434 E check compile github.com/google/blueprint/metrics
1693078236088482 E check compile google.golang.org/protobuf/encoding/protowire
1693078236088504 B check compile google.golang.org/protobuf/reflect/protoreflect
1693078236088564 E check compile github.com/google/blueprint/proptools
1693078236088578 B check compile github.com/google/blueprint
1693078236088581 B check compile github.com/google/blueprint/bootstrap/bpdoc
1693078236089069 E check compile google.golang.org/protobuf/reflect/protoreflect
1693078236089082 B check compile google.golang.org/protobuf/runtime/protoiface
1693078236089089 B check compile google.golang.org/protobuf/internal/descopts
1693078236089122 B check compile google.golang.org/protobuf/internal/encoding/messageset
1693078236089255 B check compile google.golang.org/protobuf/internal/descfmt
1693078236089290 E check compile github.com/google/blueprint/bootstrap/bpdoc
1693078236089313 B check compile google.golang.org/protobuf/internal/order
1693078236089315 B check compile google.golang.org/protobuf/internal/strs
1693078236089316 B check compile google.golang.org/protobuf/internal/genid
1693078236089611 E check compile google.golang.org/protobuf/internal/descopts
1693078236090651 E check compile google.golang.org/protobuf/runtime/protoiface
1693078236090657 E check compile google.golang.org/protobuf/internal/descfmt
1693078236091233 E check compile google.golang.org/protobuf/internal/encoding/messageset
1693078236091245 B check compile google.golang.org/protobuf/reflect/protoregistry
1693078236091269 E check compile google.golang.org/protobuf/internal/order
1693078236091581 E check compile google.golang.org/protobuf/internal/strs
1693078236091590 E check compile google.golang.org/protobuf/reflect/protoregistry
1693078236091604 B check compile google.golang.org/protobuf/internal/encoding/text
1693078236091748 E check compile github.com/google/blueprint
1693078236091761 B check compile github.com/google/blueprint/bootstrap
1693078236091817 B check compile android/soong/bazel
1693078236091992 E check compile google.golang.org/protobuf/internal/genid
1693078236092007 B check compile google.golang.org/protobuf/proto
1693078236092230 E check compile google.golang.org/protobuf/internal/encoding/text
1693078236092243 B check compile google.golang.org/protobuf/internal/encoding/defval
1693078236092304 E check compile github.com/google/blueprint/bootstrap
1693078236092310 E check compile android/soong/bazel
1693078236092679 E check compile google.golang.org/protobuf/internal/encoding/defval
1693078236092792 E check compile google.golang.org/protobuf/proto
1693078236092806 B check compile android/soong/shared
1693078236092813 B check compile google.golang.org/protobuf/internal/filedesc
1693078236092870 B check compile google.golang.org/protobuf/encoding/prototext
1693078236093140 E check compile google.golang.org/protobuf/encoding/prototext
1693078236093285 E check compile android/soong/shared
1693078236093493 E check compile google.golang.org/protobuf/internal/filedesc
1693078236093509 B check compile google.golang.org/protobuf/internal/encoding/tag
1693078236093823 E check compile google.golang.org/protobuf/internal/encoding/tag
1693078236093836 B check compile google.golang.org/protobuf/internal/impl
1693078236096142 E check compile google.golang.org/protobuf/internal/impl
1693078236096152 B check compile google.golang.org/protobuf/internal/filetype
1693078236096450 E check compile google.golang.org/protobuf/internal/filetype
1693078236096456 B check compile google.golang.org/protobuf/runtime/protoimpl
1693078236096733 E check compile google.golang.org/protobuf/runtime/protoimpl
1693078236096739 B check compile android/soong/ui/metrics/upload_proto
1693078236096848 B check compile android/soong/ui/metrics/metrics_proto
1693078236096896 B check compile android/soong/ui/metrics/mk_metrics_proto
1693078236096952 B check compile android/soong/ui/status/build_error_proto
1693078236096987 B check compile android/soong/ui/status/ninja_frontend
1693078236097050 B check compile android/soong/ui/status/build_progress_proto
1693078236097058 E check compile android/soong/ui/metrics/upload_proto
1693078236097515 E check compile android/soong/ui/metrics/mk_metrics_proto
1693078236097530 E check compile android/soong/ui/status/build_progress_proto
1693078236097535 E check compile android/soong/ui/status/build_error_proto
1693078236097594 E check compile android/soong/ui/metrics/metrics_proto
1693078236097602 E check compile android/soong/ui/status/ninja_frontend
1693078236097613 B check compile android/soong/ui/status
1693078236098073 E check compile android/soong/ui/status
1693078236098086 B check compile android/soong/ui/tracer
1693078236098122 B check compile android/soong/ui/terminal
1693078236098395 E check compile android/soong/ui/tracer
1693078236098410 B check compile android/soong/ui/metrics
1693078236098678 E check compile android/soong/ui/terminal
1693078236098694 E check compile android/soong/ui/metrics
1693078236098707 B check compile android/soong/ui/build
1693078236099834 E check compile android/soong/ui/build
1693078236099861 B check compile main
1693078236100099 E check compile main
1693078236100109 B check link main
1693078236100207 E check link main
1693078236100224 E microfactory /root/WORKSPACE/out/microfactory_Linux
